[0m23:30:08.152301 [debug] [MainThread]: Sending event: {'category': 'dbt', 'action': 'invocation', 'label': 'start', 'context': [<snowplow_tracker.self_describing_json.SelfDescribingJson object at 0x0000018089953B60>, <snowplow_tracker.self_describing_json.SelfDescribingJson object at 0x0000018086312FD0>, <snowplow_tracker.self_describing_json.SelfDescribingJson object at 0x000001808AC23D90>]}


============================== 23:30:08.165242 | 298160a1-4094-4d8f-9f16-dce45b763551 ==============================
[0m23:30:08.165242 [info ] [MainThread]: Running with dbt=1.11.11
[0m23:30:08.165966 [debug] [MainThread]: running dbt with arguments {'static_parser': 'True', 'no_print': 'None', 'version_check': 'True', 'target_path': 'None', 'warn_error_options': 'WarnErrorOptionsV2(error=[], warn=[], silence=[])', 'printer_width': '80', 'write_json': 'True', 'introspect': 'True', 'log_cache_events': 'False', 'empty': 'None', 'cache_selected_only': 'False', 'log_format': 'default', 'debug': 'False', 'fail_fast': 'False', 'partial_parse': 'True', 'send_anonymous_usage_stats': 'True', 'quiet': 'False', 'warn_error': 'None', 'profiles_dir': 'C:\\Users\\yezav\\.dbt', 'use_colors': 'True', 'indirect_selection': 'eager', 'invocation_command': 'dbt init', 'use_experimental_parser': 'False', 'log_path': 'logs'}
[0m23:30:38.203637 [debug] [MainThread]: Starter project path: C:\Users\yezav\AppData\Roaming\Python\Python313\site-packages\dbt\include\starter_project
[0m23:30:38.231487 [info ] [MainThread]: 
Your new dbt project "data_pipiline" was created!

For more information on how to configure the profiles.yml file,
please consult the dbt documentation here:

  https://docs.getdbt.com/docs/configure-your-profile

One more thing:

Need help? Don't hesitate to reach out to us via GitHub issues or on Slack:

  https://community.getdbt.com/

Happy modeling!

[0m23:30:38.232125 [info ] [MainThread]: Setting up your profile.
[0m23:31:34.877786 [debug] [MainThread]: Snowflake adapter: Setting snowflake.connector to ERROR (file logging only)
[0m23:31:34.878186 [debug] [MainThread]: Snowflake adapter: Setting botocore to ERROR (file logging only)
[0m23:31:34.878429 [debug] [MainThread]: Snowflake adapter: Setting boto3 to ERROR (file logging only)
[0m23:36:33.966831 [info ] [MainThread]: Profile data_pipiline written to C:\Users\yezav\.dbt\profiles.yml using target's profile_template.yml and your supplied values. Run 'dbt debug' to validate the connection.
[0m23:36:33.969132 [debug] [MainThread]: Command `dbt init` succeeded at 23:36:33.968942 after 386.00 seconds
[0m23:36:33.969541 [debug] [MainThread]: Sending event: {'category': 'dbt', 'action': 'invocation', 'label': 'end', 'context': [<snowplow_tracker.self_describing_json.SelfDescribingJson object at 0x000001809D488640>, <snowplow_tracker.self_describing_json.SelfDescribingJson object at 0x000001808BCADD90>, <snowplow_tracker.self_describing_json.SelfDescribingJson object at 0x000001809D4019D0>]}
[0m23:36:33.970063 [debug] [MainThread]: Flushing usage events
[0m23:36:34.430786 [debug] [MainThread]: An error was encountered while trying to flush usage events
[0m21:59:18.598006 [debug] [MainThread]: Sending event: {'category': 'dbt', 'action': 'invocation', 'label': 'start', 'context': [<snowplow_tracker.self_describing_json.SelfDescribingJson object at 0x000001334F3B3B60>, <snowplow_tracker.self_describing_json.SelfDescribingJson object at 0x000001334BE22E90>, <snowplow_tracker.self_describing_json.SelfDescribingJson object at 0x00000133516B3D90>]}


============================== 21:59:18.604951 | a4764c11-930f-4701-97c6-d14a4c36d4bc ==============================
[0m21:59:18.604951 [info ] [MainThread]: Running with dbt=1.11.11
[0m21:59:18.605746 [debug] [MainThread]: running dbt with arguments {'static_parser': 'True', 'no_print': 'None', 'version_check': 'True', 'warn_error_options': 'WarnErrorOptionsV2(error=[], warn=[], silence=[])', 'target_path': 'None', 'printer_width': '80', 'write_json': 'True', 'introspect': 'True', 'log_cache_events': 'False', 'empty': 'False', 'cache_selected_only': 'False', 'fail_fast': 'False', 'debug': 'False', 'log_format': 'default', 'profiles_dir': 'C:\\Users\\yezav\\.dbt', 'send_anonymous_usage_stats': 'True', 'quiet': 'False', 'warn_error': 'None', 'partial_parse': 'True', 'invocation_command': 'dbt run', 'use_colors': 'True', 'indirect_selection': 'eager', 'use_experimental_parser': 'False', 'log_path': 'logs'}
[0m21:59:18.606212 [error] [MainThread]: Encountered an error:
Runtime Error
  No dbt_project.yml found at expected path C:\Users\yezav\code\snowflakeDBTairflow\dbt_project.yml
  Verify that each entry within packages.yml (and their transitive dependencies) contains a file named dbt_project.yml
  
[0m21:59:18.607127 [debug] [MainThread]: Command `dbt run` failed at 21:59:18.607019 after 0.23 seconds
[0m21:59:18.607410 [debug] [MainThread]: Sending event: {'category': 'dbt', 'action': 'invocation', 'label': 'end', 'context': [<snowplow_tracker.self_describing_json.SelfDescribingJson object at 0x00000133516ECD60>, <snowplow_tracker.self_describing_json.SelfDescribingJson object at 0x00000133516FD370>, <snowplow_tracker.self_describing_json.SelfDescribingJson object at 0x0000013351695AE0>]}
[0m21:59:18.607738 [debug] [MainThread]: Flushing usage events
[0m21:59:19.166092 [debug] [MainThread]: An error was encountered while trying to flush usage events
[0m22:00:17.025105 [debug] [MainThread]: Sending event: {'category': 'dbt', 'action': 'invocation', 'label': 'start', 'context': [<snowplow_tracker.self_describing_json.SelfDescribingJson object at 0x0000018079E13B60>, <snowplow_tracker.self_describing_json.SelfDescribingJson object at 0x00000180767F2E90>, <snowplow_tracker.self_describing_json.SelfDescribingJson object at 0x000001807C113D90>]}


============================== 22:00:17.030326 | 80f56ab8-a68d-4923-a24a-f0705bc3809b ==============================
[0m22:00:17.030326 [info ] [MainThread]: Running with dbt=1.11.11
[0m22:00:17.030894 [debug] [MainThread]: running dbt with arguments {'version_check': 'True', 'no_print': 'None', 'static_parser': 'True', 'warn_error_options': 'WarnErrorOptionsV2(error=[], warn=[], silence=[])', 'target_path': 'None', 'printer_width': '80', 'write_json': 'True', 'introspect': 'True', 'log_cache_events': 'False', 'empty': 'False', 'cache_selected_only': 'False', 'fail_fast': 'False', 'debug': 'False', 'log_format': 'default', 'partial_parse': 'True', 'send_anonymous_usage_stats': 'True', 'quiet': 'False', 'warn_error': 'None', 'profiles_dir': 'C:\\Users\\yezav\\.dbt', 'indirect_selection': 'eager', 'invocation_command': 'dbt run', 'use_colors': 'True', 'use_experimental_parser': 'False', 'log_path': 'logs'}
[0m22:00:17.031436 [error] [MainThread]: Encountered an error:
Runtime Error
  No dbt_project.yml found at expected path C:\Users\yezav\code\snowflakeDBTairflow\dbt_project.yml
  Verify that each entry within packages.yml (and their transitive dependencies) contains a file named dbt_project.yml
  
[0m22:00:17.032445 [debug] [MainThread]: Command `dbt run` failed at 22:00:17.032325 after 0.16 seconds
[0m22:00:17.032766 [debug] [MainThread]: Sending event: {'category': 'dbt', 'action': 'invocation', 'label': 'end', 'context': [<snowplow_tracker.self_describing_json.SelfDescribingJson object at 0x000001807C14CD60>, <snowplow_tracker.self_describing_json.SelfDescribingJson object at 0x000001807C15D370>, <snowplow_tracker.self_describing_json.SelfDescribingJson object at 0x000001807C0F5AE0>]}
[0m22:00:17.033096 [debug] [MainThread]: Flushing usage events
[0m22:00:17.452978 [debug] [MainThread]: An error was encountered while trying to flush usage events
[0m00:19:51.060841 [debug] [MainThread]: Sending event: {'category': 'dbt', 'action': 'invocation', 'label': 'start', 'context': [<snowplow_tracker.self_describing_json.SelfDescribingJson object at 0x752d2ef38800>, <snowplow_tracker.self_describing_json.SelfDescribingJson object at 0x752d30e45f10>, <snowplow_tracker.self_describing_json.SelfDescribingJson object at 0x752d2ef39730>]}


============================== 00:19:51.068726 | 797aee5c-2a36-4101-aad8-cf1792e51c2f ==============================
[0m00:19:51.068726 [info ] [MainThread]: Running with dbt=1.11.11
[0m00:19:51.070078 [debug] [MainThread]: running dbt with arguments {'warn_error': 'None', 'use_colors': 'True', 'send_anonymous_usage_stats': 'True', 'target_path': 'None', 'invocation_command': 'dbt debug', 'empty': 'None', 'debug': 'False', 'warn_error_options': 'WarnErrorOptionsV2(error=[], warn=[], silence=[])', 'partial_parse': 'True', 'log_path': 'logs', 'log_cache_events': 'False', 'printer_width': '80', 'profiles_dir': '/home/codespace/.dbt', 'quiet': 'False', 'cache_selected_only': 'False', 'write_json': 'True', 'indirect_selection': 'eager', 'introspect': 'True', 'log_format': 'default', 'fail_fast': 'False', 'version_check': 'True', 'use_experimental_parser': 'False', 'no_print': 'None', 'static_parser': 'True'}
[0m00:19:51.087588 [info ] [MainThread]: dbt version: 1.11.11
[0m00:19:51.088501 [info ] [MainThread]: python version: 3.12.1
[0m00:19:51.089291 [info ] [MainThread]: python path: /usr/local/python/3.12.1/bin/python3
[0m00:19:51.090061 [info ] [MainThread]: os info: Linux-6.8.0-1052-azure-x86_64-with-glibc2.39
[0m00:19:52.072079 [debug] [MainThread]: Snowflake adapter: Setting snowflake.connector to ERROR (file logging only)
[0m00:19:52.073113 [debug] [MainThread]: Snowflake adapter: Setting botocore to ERROR (file logging only)
[0m00:19:52.074304 [debug] [MainThread]: Snowflake adapter: Setting boto3 to ERROR (file logging only)
[0m00:19:52.196908 [info ] [MainThread]: Using profiles dir at /home/codespace/.dbt
[0m00:19:52.197983 [info ] [MainThread]: Using profiles.yml file at /home/codespace/.dbt/profiles.yml
[0m00:19:52.198621 [info ] [MainThread]: Using dbt_project.yml file at /workspaces/snowflakeDBTairflow/dbt_project.yml
[0m00:19:52.199651 [info ] [MainThread]: adapter type: snowflake
[0m00:19:52.202609 [info ] [MainThread]: adapter version: 1.11.5
[0m00:19:52.206266 [info ] [MainThread]: Configuration:
[0m00:19:52.208577 [info ] [MainThread]:   profiles.yml file [[32mOK found and valid[0m]
[0m00:19:52.209680 [info ] [MainThread]:   dbt_project.yml file [[31mERROR not found[0m]
[0m00:19:52.210365 [info ] [MainThread]: Required dependencies:
[0m00:19:52.212147 [debug] [MainThread]: Executing "git --help"
[0m00:19:52.219485 [debug] [MainThread]: STDOUT: "b"usage: git [-v | --version] [-h | --help] [-C <path>] [-c <name>=<value>]\n           [--exec-path[=<path>]] [--html-path] [--man-path] [--info-path]\n           [-p | --paginate | -P | --no-pager] [--no-replace-objects] [--no-lazy-fetch]\n           [--no-optional-locks] [--no-advice] [--bare] [--git-dir=<path>]\n           [--work-tree=<path>] [--namespace=<name>] [--config-env=<name>=<envvar>]\n           <command> [<args>]\n\nThese are common Git commands used in various situations:\n\nstart a working area (see also: git help tutorial)\n   clone      Clone a repository into a new directory\n   init       Create an empty Git repository or reinitialize an existing one\n\nwork on the current change (see also: git help everyday)\n   add        Add file contents to the index\n   mv         Move or rename a file, a directory, or a symlink\n   restore    Restore working tree files\n   rm         Remove files from the working tree and from the index\n\nexamine the history and state (see also: git help revisions)\n   bisect     Use binary search to find the commit that introduced a bug\n   diff       Show changes between commits, commit and working tree, etc\n   grep       Print lines matching a pattern\n   log        Show commit logs\n   show       Show various types of objects\n   status     Show the working tree status\n\ngrow, mark and tweak your common history\n   backfill   Download missing objects in a partial clone\n   branch     List, create, or delete branches\n   commit     Record changes to the repository\n   merge      Join two or more development histories together\n   rebase     Reapply commits on top of another base tip\n   reset      Set `HEAD` or the index to a known state\n   switch     Switch branches\n   tag        Create, list, delete or verify tags\n\ncollaborate (see also: git help workflows)\n   fetch      Download objects and refs from another repository\n   pull       Fetch from and integrate with another repository or a local branch\n   push       Update remote refs along with associated objects\n\n'git help -a' and 'git help -g' list available subcommands and some\nconcept guides. See 'git help <command>' or 'git help <concept>'\nto read about a specific subcommand or concept.\nSee 'git help git' for an overview of the system.\n""
[0m00:19:52.221087 [debug] [MainThread]: STDERR: "b''"
[0m00:19:52.222822 [info ] [MainThread]:  - git [[32mOK found[0m]

[0m00:19:52.224221 [info ] [MainThread]: Connection:
[0m00:19:52.225561 [info ] [MainThread]:   account: gq24740.us-east-2.aws
[0m00:19:52.226669 [info ] [MainThread]:   user: GENNADYV
[0m00:19:52.227476 [info ] [MainThread]:   database: dbt_db
[0m00:19:52.229135 [info ] [MainThread]:   warehouse: dbt_wh
[0m00:19:52.230850 [info ] [MainThread]:   role: dbt_role
[0m00:19:52.231793 [info ] [MainThread]:   schema: dbt_schema
[0m00:19:52.233160 [info ] [MainThread]:   authenticator: None
[0m00:19:52.234396 [info ] [MainThread]:   oauth_client_id: None
[0m00:19:52.235229 [info ] [MainThread]:   query_tag: None
[0m00:19:52.236299 [info ] [MainThread]:   client_session_keep_alive: False
[0m00:19:52.237280 [info ] [MainThread]:   host: None
[0m00:19:52.238623 [info ] [MainThread]:   port: None
[0m00:19:52.240016 [info ] [MainThread]:   proxy_host: None
[0m00:19:52.241336 [info ] [MainThread]:   proxy_port: None
[0m00:19:52.242212 [info ] [MainThread]:   protocol: None
[0m00:19:52.243107 [info ] [MainThread]:   connect_retries: 1
[0m00:19:52.244014 [info ] [MainThread]:   connect_timeout: None
[0m00:19:52.244914 [info ] [MainThread]:   retry_on_database_errors: False
[0m00:19:52.246111 [info ] [MainThread]:   retry_all: False
[0m00:19:52.247805 [info ] [MainThread]:   insecure_mode: False
[0m00:19:52.248853 [info ] [MainThread]:   reuse_connections: True
[0m00:19:52.249907 [info ] [MainThread]:   s3_stage_vpce_dns_name: None
[0m00:19:52.250963 [info ] [MainThread]:   platform_detection_timeout_seconds: 0.0
[0m00:19:52.252299 [info ] [MainThread]: Registered adapter: snowflake=1.11.5
[0m00:19:52.746474 [debug] [MainThread]: Acquiring new snowflake connection 'debug'
[0m00:19:53.226860 [debug] [MainThread]: Using snowflake connection "debug"
[0m00:19:53.227461 [debug] [MainThread]: On debug: select 1 as id
[0m00:19:53.227938 [debug] [MainThread]: Opening a new connection, currently in state init
[0m00:19:54.130270 [debug] [MainThread]: SQL status: SUCCESS 1 in 0.902 seconds
[0m00:19:54.131612 [info ] [MainThread]:   Connection test: [[32mOK connection ok[0m]

[0m00:19:54.132224 [info ] [MainThread]: [31m1 check failed:[0m
[0m00:19:54.132764 [info ] [MainThread]: Project loading failed for the following reason:
 project path </workspaces/snowflakeDBTairflow/dbt_project.yml> not found

[0m00:19:54.134242 [debug] [MainThread]: Resource report: {"command_name": "debug", "command_success": false, "command_wall_clock_time": 3.1420367, "process_in_blocks": "25192", "process_kernel_time": 0.544029, "process_mem_max_rss": "163268", "process_out_blocks": "5384", "process_user_time": 3.978339}
[0m00:19:54.135024 [debug] [MainThread]: Command `dbt debug` failed at 00:19:54.134882 after 3.14 seconds
[0m00:19:54.135643 [debug] [MainThread]: Connection 'debug' was left open.
[0m00:19:54.136484 [debug] [MainThread]: On debug: Close
[0m00:19:54.229922 [debug] [MainThread]: Sending event: {'category': 'dbt', 'action': 'invocation', 'label': 'end', 'context': [<snowplow_tracker.self_describing_json.SelfDescribingJson object at 0x752d2ebf0a10>, <snowplow_tracker.self_describing_json.SelfDescribingJson object at 0x752d2bd09b80>, <snowplow_tracker.self_describing_json.SelfDescribingJson object at 0x752d2ce47980>]}
[0m00:19:54.230968 [debug] [MainThread]: Flushing usage events
[0m00:19:54.324481 [debug] [MainThread]: An error was encountered while trying to flush usage events
[0m01:12:39.392371 [debug] [MainThread]: Sending event: {'category': 'dbt', 'action': 'invocation', 'label': 'start', 'context': [<snowplow_tracker.self_describing_json.SelfDescribingJson object at 0x737ae627ae70>, <snowplow_tracker.self_describing_json.SelfDescribingJson object at 0x737ae5414bc0>, <snowplow_tracker.self_describing_json.SelfDescribingJson object at 0x737ae5b5f230>]}


============================== 01:12:39.403564 | b614c42d-5d26-4395-8411-22737943827b ==============================
[0m01:12:39.403564 [info ] [MainThread]: Running with dbt=1.11.11
[0m01:12:39.404634 [debug] [MainThread]: running dbt with arguments {'static_parser': 'True', 'fail_fast': 'False', 'cache_selected_only': 'False', 'send_anonymous_usage_stats': 'True', 'empty': 'None', 'debug': 'False', 'log_path': 'logs', 'invocation_command': 'dbt test', 'write_json': 'True', 'indirect_selection': 'eager', 'warn_error_options': 'WarnErrorOptionsV2(error=[], warn=[], silence=[])', 'introspect': 'True', 'profiles_dir': '/home/codespace/.dbt', 'version_check': 'True', 'quiet': 'False', 'no_print': 'None', 'log_format': 'default', 'partial_parse': 'True', 'use_colors': 'True', 'log_cache_events': 'False', 'use_experimental_parser': 'False', 'printer_width': '80', 'target_path': 'None', 'warn_error': 'None'}
[0m01:12:39.406191 [error] [MainThread]: Encountered an error:
Runtime Error
  No dbt_project.yml found at expected path /workspaces/snowflakeDBTairflow/dbt_project.yml
  Verify that each entry within packages.yml (and their transitive dependencies) contains a file named dbt_project.yml
  
[0m01:12:39.407782 [debug] [MainThread]: Resource report: {"command_name": "test", "command_success": false, "command_wall_clock_time": 0.08558655, "process_in_blocks": "216", "process_kernel_time": 0.269926, "process_mem_max_rss": "118884", "process_out_blocks": "8", "process_user_time": 2.78034}
[0m01:12:39.408657 [debug] [MainThread]: Command `dbt test` failed at 01:12:39.408495 after 0.09 seconds
[0m01:12:39.409550 [debug] [MainThread]: Sending event: {'category': 'dbt', 'action': 'invocation', 'label': 'end', 'context': [<snowplow_tracker.self_describing_json.SelfDescribingJson object at 0x737ae5d20fb0>, <snowplow_tracker.self_describing_json.SelfDescribingJson object at 0x737ae657e570>, <snowplow_tracker.self_describing_json.SelfDescribingJson object at 0x737ae59d2960>]}
[0m01:12:39.410372 [debug] [MainThread]: Flushing usage events
[0m01:12:39.519104 [debug] [MainThread]: An error was encountered while trying to flush usage events
